<?xml version="1.0" encoding="UTF-8"?>
<coverage generated="1665549964930" clover="3.2.0">
  <project timestamp="1665549964930" name="All files">
    <metrics statements="15" coveredstatements="15" conditionals="8" coveredconditionals="8" methods="1" coveredmethods="1" elements="24" coveredelements="24" complexity="0" loc="15" ncloc="15" packages="1" files="1" classes="1"/>
    <file name="6.removeDupInArray.js" path="/Users/nandhinieswaran/Codelabs/code/js/problems/6.removeDupInArray.js">
      <metrics statements="15" coveredstatements="15" conditionals="8" coveredconditionals="8" methods="1" coveredmethods="1"/>
      <line num="2" count="4" type="stmt"/>
      <line num="4" count="4" type="cond" truecount="2" falsecount="0"/>
      <line num="5" count="1" type="stmt"/>
      <line num="8" count="3" type="stmt"/>
      <line num="9" count="27" type="stmt"/>
      <line num="11" count="27" type="stmt"/>
      <line num="12" count="149" type="cond" truecount="2" falsecount="0"/>
      <line num="13" count="133" type="cond" truecount="2" falsecount="0"/>
      <line num="14" count="22" type="stmt"/>
      <line num="15" count="22" type="stmt"/>
      <line num="20" count="27" type="cond" truecount="2" falsecount="0"/>
      <line num="21" count="5" type="stmt"/>
      <line num="25" count="3" type="stmt"/>
      <line num="28" count="1" type="stmt"/>
      <line num="30" count="1" type="stmt"/>
    </file>
  </project>
</coverage>
