<?xml version="1.0" encoding="UTF-8"?>
<coverage generated="1665478445164" clover="3.2.0">
  <project timestamp="1665478445164" name="All files">
    <metrics statements="16" coveredstatements="16" conditionals="9" coveredconditionals="9" methods="1" coveredmethods="1" elements="26" coveredelements="26" complexity="0" loc="16" ncloc="16" packages="1" files="1" classes="1"/>
    <file name="1.sort.js" path="/Users/nandhinieswaran/Codelabs/code/js/problems/1.sort.js">
      <metrics statements="16" coveredstatements="16" conditionals="9" coveredconditionals="9" methods="1" coveredmethods="1"/>
      <line num="6" count="3" type="stmt"/>
      <line num="8" count="2" type="cond" truecount="2" falsecount="0"/>
      <line num="9" count="1" type="stmt"/>
      <line num="10" count="5" type="stmt"/>
      <line num="11" count="10" type="cond" truecount="2" falsecount="0"/>
      <line num="12" count="8" type="stmt"/>
      <line num="13" count="8" type="stmt"/>
      <line num="14" count="8" type="stmt"/>
      <line num="20" count="2" type="cond" truecount="2" falsecount="0"/>
      <line num="21" count="1" type="stmt"/>
      <line num="22" count="5" type="stmt"/>
      <line num="23" count="10" type="cond" truecount="2" falsecount="0"/>
      <line num="24" count="2" type="stmt"/>
      <line num="25" count="2" type="stmt"/>
      <line num="26" count="2" type="stmt"/>
      <line num="32" count="2" type="stmt"/>
    </file>
  </project>
</coverage>
