{"/Users/nandhinieswaran/Codelabs/code/js/problems/1.sort.js": {"path":"/Users/nandhinieswaran/Codelabs/code/js/problems/1.sort.js","statementMap":{"0":{"start":{"line":6,"column":18},"end":{"line":6,"column":29}},"1":{"start":{"line":8,"column":2},"end":{"line":18,"column":3}},"2":{"start":{"line":9,"column":4},"end":{"line":17,"column":5}},"3":{"start":{"line":9,"column":17},"end":{"line":9,"column":18}},"4":{"start":{"line":10,"column":6},"end":{"line":16,"column":7}},"5":{"start":{"line":10,"column":19},"end":{"line":10,"column":24}},"6":{"start":{"line":11,"column":8},"end":{"line":15,"column":9}},"7":{"start":{"line":12,"column":21},"end":{"line":12,"column":33}},"8":{"start":{"line":13,"column":10},"end":{"line":13,"column":38}},"9":{"start":{"line":14,"column":10},"end":{"line":14,"column":30}},"10":{"start":{"line":20,"column":2},"end":{"line":30,"column":3}},"11":{"start":{"line":21,"column":4},"end":{"line":29,"column":5}},"12":{"start":{"line":21,"column":17},"end":{"line":21,"column":18}},"13":{"start":{"line":22,"column":6},"end":{"line":28,"column":7}},"14":{"start":{"line":22,"column":19},"end":{"line":22,"column":24}},"15":{"start":{"line":23,"column":8},"end":{"line":27,"column":9}},"16":{"start":{"line":24,"column":21},"end":{"line":24,"column":33}},"17":{"start":{"line":25,"column":10},"end":{"line":25,"column":38}},"18":{"start":{"line":26,"column":10},"end":{"line":26,"column":30}},"19":{"start":{"line":32,"column":2},"end":{"line":32,"column":19}}},"fnMap":{"0":{"name":"sort","decl":{"start":{"line":1,"column":9},"end":{"line":1,"column":13}},"loc":{"start":{"line":1,"column":37},"end":{"line":33,"column":1}},"line":1}},"branchMap":{"0":{"loc":{"start":{"line":1,"column":19},"end":{"line":1,"column":35}},"type":"default-arg","locations":[{"start":{"line":1,"column":30},"end":{"line":1,"column":35}}],"line":1},"1":{"loc":{"start":{"line":8,"column":2},"end":{"line":18,"column":3}},"type":"if","locations":[{"start":{"line":8,"column":2},"end":{"line":18,"column":3}},{"start":{},"end":{}}],"line":8},"2":{"loc":{"start":{"line":11,"column":8},"end":{"line":15,"column":9}},"type":"if","locations":[{"start":{"line":11,"column":8},"end":{"line":15,"column":9}},{"start":{},"end":{}}],"line":11},"3":{"loc":{"start":{"line":20,"column":2},"end":{"line":30,"column":3}},"type":"if","locations":[{"start":{"line":20,"column":2},"end":{"line":30,"column":3}},{"start":{},"end":{}}],"line":20},"4":{"loc":{"start":{"line":23,"column":8},"end":{"line":27,"column":9}},"type":"if","locations":[{"start":{"line":23,"column":8},"end":{"line":27,"column":9}},{"start":{},"end":{}}],"line":23}},"s":{"0":3,"1":2,"2":1,"3":1,"4":5,"5":5,"6":10,"7":8,"8":8,"9":8,"10":2,"11":1,"12":1,"13":5,"14":5,"15":10,"16":2,"17":2,"18":2,"19":2},"f":{"0":3},"b":{"0":[1],"1":[1,1],"2":[8,2],"3":[1,1],"4":[2,8]},"inputSourceMap":null,"_coverageSchema":"1a1c01bbd47fc00a2c39e90264f33305004495a9","hash":"4832947da61f475305624bba5bd41d6f2b88bcaa"}
}
