{"/Users/nandhinieswaran/Codelabs/code/js/problems/6.removeDupInArray.js": {"path":"/Users/nandhinieswaran/Codelabs/code/js/problems/6.removeDupInArray.js","statementMap":{"0":{"start":{"line":2,"column":17},"end":{"line":2,"column":19}},"1":{"start":{"line":4,"column":2},"end":{"line":6,"column":3}},"2":{"start":{"line":5,"column":4},"end":{"line":5,"column":14}},"3":{"start":{"line":8,"column":2},"end":{"line":23,"column":3}},"4":{"start":{"line":8,"column":15},"end":{"line":8,"column":16}},"5":{"start":{"line":9,"column":19},"end":{"line":9,"column":20}},"6":{"start":{"line":11,"column":4},"end":{"line":18,"column":5}},"7":{"start":{"line":11,"column":17},"end":{"line":11,"column":18}},"8":{"start":{"line":12,"column":6},"end":{"line":17,"column":7}},"9":{"start":{"line":13,"column":8},"end":{"line":16,"column":9}},"10":{"start":{"line":14,"column":10},"end":{"line":14,"column":23}},"11":{"start":{"line":15,"column":10},"end":{"line":15,"column":16}},"12":{"start":{"line":20,"column":4},"end":{"line":22,"column":5}},"13":{"start":{"line":21,"column":6},"end":{"line":21,"column":28}},"14":{"start":{"line":25,"column":2},"end":{"line":25,"column":18}},"15":{"start":{"line":28,"column":10},"end":{"line":28,"column":37}},"16":{"start":{"line":30,"column":0},"end":{"line":30,"column":28}}},"fnMap":{"0":{"name":"removeDup","decl":{"start":{"line":1,"column":9},"end":{"line":1,"column":18}},"loc":{"start":{"line":1,"column":24},"end":{"line":26,"column":1}},"line":1}},"branchMap":{"0":{"loc":{"start":{"line":4,"column":2},"end":{"line":6,"column":3}},"type":"if","locations":[{"start":{"line":4,"column":2},"end":{"line":6,"column":3}},{"start":{},"end":{}}],"line":4},"1":{"loc":{"start":{"line":12,"column":6},"end":{"line":17,"column":7}},"type":"if","locations":[{"start":{"line":12,"column":6},"end":{"line":17,"column":7}},{"start":{},"end":{}}],"line":12},"2":{"loc":{"start":{"line":13,"column":8},"end":{"line":16,"column":9}},"type":"if","locations":[{"start":{"line":13,"column":8},"end":{"line":16,"column":9}},{"start":{},"end":{}}],"line":13},"3":{"loc":{"start":{"line":20,"column":4},"end":{"line":22,"column":5}},"type":"if","locations":[{"start":{"line":20,"column":4},"end":{"line":22,"column":5}},{"start":{},"end":{}}],"line":20}},"s":{"0":4,"1":4,"2":1,"3":3,"4":3,"5":27,"6":27,"7":27,"8":149,"9":133,"10":22,"11":22,"12":27,"13":5,"14":3,"15":1,"16":1},"f":{"0":4},"b":{"0":[1,3],"1":[133,16],"2":[22,111],"3":[5,22]},"inputSourceMap":null,"_coverageSchema":"1a1c01bbd47fc00a2c39e90264f33305004495a9","hash":"cfe1eb3ca447d852acb9b6270fb0f387bc58260f"}
}
